Looking for git in: git
Using git 2.17.1 from git
> git rev-parse --show-toplevel
> git config --get commit.template
Open repository: /var/www/html/Lexique
> git status -z -u
> git symbolic-ref --short HEAD
> git rev-parse master
> git rev-parse --symbolic-full-name master@{u}
> git rev-list --left-right master...refs/remotes/origin/master
> git for-each-ref --format %(refname) %(objectname) --sort -committerdate
> git remote --verbose
> git show :VCSS/index.php
> git ls-files --stage -- VCSS/
> git show :VCSS/index.php
> git ls-files --stage -- VCSS/
> git show :VCSS/index.php
> git ls-files --stage -- VCSS/
> git show :VCSS/index.php
> git ls-files --stage -- VCSS/
> git show :VCSS/header.php
> git ls-files --stage -- VCSS/
> git status -z -u
> git symbolic-ref --short HEAD
> git rev-parse master
> git rev-parse --symbolic-full-name master@{u}
> git rev-list --left-right master...refs/remotes/origin/master
> git for-each-ref --format %(refname) %(objectname) --sort -committerdate
> git remote --verbose
> git show :VCSS/header.php
> git ls-files --stage -- VCSS/
> git show :VCSS/menu.php
> git ls-files --stage -- VCSS/
> git status -z -u
> git symbolic-ref --short HEAD
> git rev-parse master
> git rev-parse --symbolic-full-name master@{u}
> git rev-list --left-right master...refs/remotes/origin/master
> git for-each-ref --format %(refname) %(objectname) --sort -committerdate
> git remote --verbose
> git show :VCSS/footer.php
> git ls-files --stage -- VCSS/
> git status -z -u
> git symbolic-ref --short HEAD
> git rev-parse master
> git rev-parse --symbolic-full-name master@{u}
> git rev-list --left-right master...refs/remotes/origin/master
> git for-each-ref --format %(refname) %(objectname) --sort -committerdate
> git remote --verbose
> git show :VCSS/header.php
> git ls-files --stage -- VCSS/
> git show :VCSS/index.php
> git ls-files --stage -- VCSS/
> git show :VCSS/menu.php
> git ls-files --stage -- VCSS/
> git show :VCSS/index.php
> git ls-files --stage -- VCSS/
> git show :VCSS/menu.php
> git ls-files --stage -- VCSS/
> git status -z -u
> git symbolic-ref --short HEAD
> git rev-parse master
> git rev-parse --symbolic-full-name master@{u}
> git rev-list --left-right master...refs/remotes/origin/master
> git for-each-ref --format %(refname) %(objectname) --sort -committerdate
> git remote --verbose
> git show :VCSS/index.php
> git ls-files --stage -- VCSS/
> git status -z -u
> git symbolic-ref --short HEAD
> git rev-parse master
> git rev-parse --symbolic-full-name master@{u}
> git rev-list --left-right master...refs/remotes/origin/master
> git for-each-ref --format %(refname) %(objectname) --sort -committerdate
> git remote --verbose
> git show :VCSS/footer.php
> git ls-files --stage -- VCSS/
> git status -z -u
> git symbolic-ref --short HEAD
> git rev-parse master
> git rev-parse --symbolic-full-name master@{u}
> git rev-list --left-right master...refs/remotes/origin/master
> git for-each-ref --format %(refname) %(objectname) --sort -committerdate
> git remote --verbose
> git show :VCSS/index.php
> git ls-files --stage -- VCSS/
> git check-ignore -z --stdin
